============================= test session starts =============================
platform win32 -- Python 3.13.14, pytest-9.1.1, pluggy-1.6.0 -- C:\Projects\arb_tracker_bot\.venv\Scripts\python.exe
cachedir: .pytest_cache
rootdir: C:\Projects\arb_tracker_bot
plugins: anyio-4.14.2, asyncio-1.4.0
asyncio: mode=Mode.STRICT, debug=False, asyncio_default_fixture_loop_scope=None, asyncio_default_test_loop_scope=function
collecting ... collected 1 item

tests/test_api_trades.py::test_trade_api_crud FAILED                     [100%]

================================== FAILURES ===================================
_____________________________ test_trade_api_crud _____________________________

self = <sqlalchemy.engine.base.Connection object at 0x0000018C7D951D30>
dialect = <sqlalchemy.dialects.sqlite.aiosqlite.SQLiteDialect_aiosqlite object at 0x0000018C7D3B9D30>
context = <sqlalchemy.dialects.sqlite.aiosqlite.SQLiteExecutionContext_aiosqlite object at 0x0000018C7D952CF0>
statement = <sqlalchemy.dialects.sqlite.base.SQLiteCompiler object at 0x0000018C7D952A50>
parameters = [('BTC', 'Binance', 'Bybit', 0.5, 60000.0, 61000.0, ...)]

    def _exec_single_context(
        self,
        dialect: Dialect,
        context: ExecutionContext,
        statement: Union[str, Compiled],
        parameters: Optional[_AnyMultiExecuteParams],
    ) -> CursorResult[Any]:
        """continue the _execute_context() method for a single DBAPI
        cursor.execute() or cursor.executemany() call.
    
        """
        if dialect.bind_typing is BindTyping.SETINPUTSIZES:
            generic_setinputsizes = context._prepare_set_input_sizes()
    
            if generic_setinputsizes:
                try:
                    dialect.do_set_input_sizes(
                        context.cursor, generic_setinputsizes, context
                    )
                except BaseException as e:
                    self._handle_dbapi_exception(
                        e, str(statement), parameters, None, context
                    )
    
        cursor, str_statement, parameters = (
            context.cursor,
            context.statement,
            context.parameters,
        )
    
        effective_parameters: Optional[_AnyExecuteParams]
    
        if not context.executemany:
            effective_parameters = parameters[0]
        else:
            effective_parameters = parameters
    
        if self._has_events or self.engine._has_events:
            for fn in self.dispatch.before_cursor_execute:
                str_statement, effective_parameters = fn(
                    self,
                    cursor,
                    str_statement,
                    effective_parameters,
                    context,
                    context.executemany,
                )
    
        if self._echo:
            self._log_info(str_statement)
    
            stats = context._get_cache_stats()
    
            if not self.engine.hide_parameters:
                self._log_info(
                    "[%s] %r",
                    stats,
                    sql_util._repr_params(
                        effective_parameters,
                        batches=10,
                        ismulti=context.executemany,
                    ),
                )
            else:
                self._log_info(
                    "[%s] [SQL parameters hidden due to hide_parameters=True]",
                    stats,
                )
    
        evt_handled: bool = False
        try:
            if context.execute_style is ExecuteStyle.EXECUTEMANY:
                effective_parameters = cast(
                    "_CoreMultiExecuteParams", effective_parameters
                )
                if self.dialect._has_events:
                    for fn in self.dialect.dispatch.do_executemany:
                        if fn(
                            cursor,
                            str_statement,
                            effective_parameters,
                            context,
                        ):
                            evt_handled = True
                            break
                if not evt_handled:
                    self.dialect.do_executemany(
                        cursor,
                        str_statement,
                        effective_parameters,
                        context,
                    )
            elif not effective_parameters and context.no_parameters:
                if self.dialect._has_events:
                    for fn in self.dialect.dispatch.do_execute_no_params:
                        if fn(cursor, str_statement, context):
                            evt_handled = True
                            break
                if not evt_handled:
                    self.dialect.do_execute_no_params(
                        cursor, str_statement, context
                    )
            else:
                effective_parameters = cast(
                    "_CoreSingleExecuteParams", effective_parameters
                )
                if self.dialect._has_events:
                    for fn in self.dialect.dispatch.do_execute:
                        if fn(
                            cursor,
                            str_statement,
                            effective_parameters,
                            context,
                        ):
                            evt_handled = True
                            break
                if not evt_handled:
>                   self.dialect.do_execute(
                        cursor, str_statement, effective_parameters, context
                    )

.venv\Lib\site-packages\sqlalchemy\engine\base.py:1969: 
_ _ _ _ _ _ _ _ _ _ _ _ _ _ _ _ _ _ _ _ _ _ _ _ _ _ _ _ _ _ _ _ _ _ _ _ _ _ _ _
.venv\Lib\site-packages\sqlalchemy\engine\default.py:952: in do_execute
    cursor.execute(statement, parameters)
.venv\Lib\site-packages\sqlalchemy\dialects\sqlite\aiosqlite.py:183: in execute
    self._adapt_connection._handle_exception(error)
.venv\Lib\site-packages\sqlalchemy\dialects\sqlite\aiosqlite.py:343: in _handle_exception
    raise error
.venv\Lib\site-packages\sqlalchemy\dialects\sqlite\aiosqlite.py:165: in execute
    self.await_(_cursor.execute(operation, parameters))
.venv\Lib\site-packages\sqlalchemy\util\_concurrency_py3k.py:132: in await_only
    return current.parent.switch(awaitable)  # type: ignore[no-any-return,attr-defined] # noqa: E501
           ^^^^^^^^^^^^^^^^^^^^^^^^^^^^^^^^
.venv\Lib\site-packages\sqlalchemy\util\_concurrency_py3k.py:196: in greenlet_spawn
    value = await result
            ^^^^^^^^^^^^
.venv\Lib\site-packages\aiosqlite\cursor.py:40: in execute
    await self._execute(self._cursor.execute, sql, parameters)
.venv\Lib\site-packages\aiosqlite\cursor.py:32: in _execute
    return await self._conn._execute(fn, *args, **kwargs)
           ^^^^^^^^^^^^^^^^^^^^^^^^^^^^^^^^^^^^^^^^^^^^^^
.venv\Lib\site-packages\aiosqlite\core.py:160: in _execute
    return await future
           ^^^^^^^^^^^^
_ _ _ _ _ _ _ _ _ _ _ _ _ _ _ _ _ _ _ _ _ _ _ _ _ _ _ _ _ _ _ _ _ _ _ _ _ _ _ _

tx = <_queue.SimpleQueue object at 0x0000018C7D99A1A0>

    def _connection_worker_thread(tx: _TxQueue):
        """
        Execute function calls on a separate thread.
    
        :meta private:
        """
        while True:
            # Continues running until all queue items are processed,
            # even after connection is closed (so we can finalize all
            # futures)
    
            future, function = tx.get()
    
            try:
                LOG.debug("executing %s", function)
>               result = function()
                         ^^^^^^^^^^
E               sqlite3.OperationalError: no such table: trades

.venv\Lib\site-packages\aiosqlite\core.py:63: OperationalError

The above exception was the direct cause of the following exception:

tmp_path = WindowsPath('C:/Users/└фьшэшёЄЁрЄюЁ/AppData/Local/Temp/pytest-of-└фьшэшёЄЁрЄюЁ/pytest-14/test_trade_api_crud0')
monkeypatch = <_pytest.monkeypatch.MonkeyPatch object at 0x0000018C7B618640>

    @pytest.mark.skipif(not _HAS_GREENLET, reason="greenlet not available in environment")
    def test_trade_api_crud(tmp_path, monkeypatch):
        db_file = tmp_path / "test_api.db"
        monkeypatch.setenv("DATABASE_URL", f"sqlite+aiosqlite:///{db_file}")
        monkeypatch.setenv("BOT_TOKEN", "test_token")
        monkeypatch.setenv("API_URL", "http://127.0.0.1:8000")
    
        for module in [
            "app.config.settings",
            "app.infrastructure.database",
            "app.main",
        ]:
            if module in sys.modules:
                del sys.modules[module]
    
        import app.main as app_main  # noqa: E402
    
        client = TestClient(app_main.app)
    
        payload = {
            "coin": "BTC",
            "buy_exchange": "Binance",
            "sell_exchange": "Bybit",
            "amount": 0.5,
            "buy_price": 60000,
            "sell_price": 61000,
        }
    
>       response = client.post("/trades/", json=payload)
                   ^^^^^^^^^^^^^^^^^^^^^^^^^^^^^^^^^^^^^

tests\test_api_trades.py:42: 
_ _ _ _ _ _ _ _ _ _ _ _ _ _ _ _ _ _ _ _ _ _ _ _ _ _ _ _ _ _ _ _ _ _ _ _ _ _ _ _
.venv\Lib\site-packages\starlette\testclient.py:555: in post
    return super().post(
.venv\Lib\site-packages\httpx\_client.py:1144: in post
    return self.request(
.venv\Lib\site-packages\starlette\testclient.py:454: in request
    return super().request(
.venv\Lib\site-packages\httpx\_client.py:825: in request
    return self.send(request, auth=auth, follow_redirects=follow_redirects)
           ^^^^^^^^^^^^^^^^^^^^^^^^^^^^^^^^^^^^^^^^^^^^^^^^^^^^^^^^^^^^^^^^
.venv\Lib\site-packages\httpx\_client.py:914: in send
    response = self._send_handling_auth(
.venv\Lib\site-packages\httpx\_client.py:942: in _send_handling_auth
    response = self._send_handling_redirects(
.venv\Lib\site-packages\httpx\_client.py:979: in _send_handling_redirects
    response = self._send_single_request(request)
               ^^^^^^^^^^^^^^^^^^^^^^^^^^^^^^^^^^
.venv\Lib\site-packages\httpx\_client.py:1014: in _send_single_request
    response = transport.handle_request(request)
               ^^^^^^^^^^^^^^^^^^^^^^^^^^^^^^^^^
.venv\Lib\site-packages\starlette\testclient.py:356: in handle_request
    raise exc
.venv\Lib\site-packages\starlette\testclient.py:353: in handle_request
    portal.call(self.app, scope, receive, send)
.venv\Lib\site-packages\anyio\from_thread.py:338: in call
    return cast(T_Retval, self.start_task_soon(func, *args).result())
                          ^^^^^^^^^^^^^^^^^^^^^^^^^^^^^^^^^^^^^^^^^^
C:\Users\└фьшэшёЄЁрЄюЁ\AppData\Local\Python\pythoncore-3.13-64\Lib\concurrent\futures\_base.py:460: in result
    return self.__get_result()
           ^^^^^^^^^^^^^^^^^^^
C:\Users\└фьшэшёЄЁрЄюЁ\AppData\Local\Python\pythoncore-3.13-64\Lib\concurrent\futures\_base.py:402: in __get_result
    raise self._exception
.venv\Lib\site-packages\anyio\from_thread.py:263: in _call_func
    retval = await retval_or_awaitable
             ^^^^^^^^^^^^^^^^^^^^^^^^^
.venv\Lib\site-packages\fastapi\applications.py:1163: in __call__
    await super().__call__(scope, receive, send)
.venv\Lib\site-packages\starlette\applications.py:90: in __call__
    await self.middleware_stack(scope, receive, send)
.venv\Lib\site-packages\starlette\middleware\errors.py:186: in __call__
    raise exc
.venv\Lib\site-packages\starlette\middleware\errors.py:164: in __call__
    await self.app(scope, receive, _send)
.venv\Lib\site-packages\starlette\middleware\exceptions.py:63: in __call__
    await wrap_app_handling_exceptions(self.app, conn)(scope, receive, send)
.venv\Lib\site-packages\starlette\_exception_handler.py:53: in wrapped_app
    raise exc
.venv\Lib\site-packages\starlette\_exception_handler.py:42: in wrapped_app
    await app(scope, receive, sender)
.venv\Lib\site-packages\fastapi\middleware\asyncexitstack.py:18: in __call__
    await self.app(scope, receive, send)
.venv\Lib\site-packages\starlette\routing.py:660: in __call__
    await self.middleware_stack(scope, receive, send)
.venv\Lib\site-packages\fastapi\routing.py:2683: in app
    await route.handle(scope, receive, send)
.venv\Lib\site-packages\fastapi\routing.py:1753: in handle
    await self.original_router.handle(scope, receive, send)
.venv\Lib\site-packages\fastapi\routing.py:2738: in handle
    await included_router._handle_selected(scope, receive, send)
.venv\Lib\site-packages\fastapi\routing.py:1773: in _handle_selected
    await original_route.handle(scope, receive, send)
.venv\Lib\site-packages\fastapi\routing.py:1264: in handle
    await app(scope, receive, send)
.venv\Lib\site-packages\fastapi\routing.py:150: in app
    await wrap_app_handling_exceptions(app, request)(scope, receive, send)
.venv\Lib\site-packages\starlette\_exception_handler.py:53: in wrapped_app
    raise exc
.venv\Lib\site-packages\starlette\_exception_handler.py:42: in wrapped_app
    await app(scope, receive, sender)
.venv\Lib\site-packages\fastapi\routing.py:136: in app
    response = await f(request)
               ^^^^^^^^^^^^^^^^
.venv\Lib\site-packages\fastapi\routing.py:690: in app
    raw_response = await run_endpoint_function(
.venv\Lib\site-packages\fastapi\routing.py:344: in run_endpoint_function
    return await dependant.call(**values)
           ^^^^^^^^^^^^^^^^^^^^^^^^^^^^^^
app\api\trades.py:43: in create_trade
    return await use_case.execute(trade)
           ^^^^^^^^^^^^^^^^^^^^^^^^^^^^^
app\application\use_cases\create_trade.py:14: in execute
    created = await self.uow.trades.add(trade)
              ^^^^^^^^^^^^^^^^^^^^^^^^^^^^^^^^
app\infrastructure\repositories\trade_repository.py:20: in add
    await self.session.commit()
.venv\Lib\site-packages\sqlalchemy\ext\asyncio\session.py:999: in commit
    await greenlet_spawn(self.sync_session.commit)
.venv\Lib\site-packages\sqlalchemy\util\_concurrency_py3k.py:203: in greenlet_spawn
    result = context.switch(value)
             ^^^^^^^^^^^^^^^^^^^^^
.venv\Lib\site-packages\sqlalchemy\orm\session.py:2035: in commit
    trans.commit(_to_root=True)
<string>:2: in commit
    ???
.venv\Lib\site-packages\sqlalchemy\orm\state_changes.py:137: in _go
    ret_value = fn(self, *arg, **kw)
                ^^^^^^^^^^^^^^^^^^^^
.venv\Lib\site-packages\sqlalchemy\orm\session.py:1316: in commit
    self._prepare_impl()
<string>:2: in _prepare_impl
    ???
.venv\Lib\site-packages\sqlalchemy\orm\state_changes.py:137: in _go
    ret_value = fn(self, *arg, **kw)
                ^^^^^^^^^^^^^^^^^^^^
.venv\Lib\site-packages\sqlalchemy\orm\session.py:1290: in _prepare_impl
    self.session.flush()
.venv\Lib\site-packages\sqlalchemy\orm\session.py:4353: in flush
    self._flush(objects)
.venv\Lib\site-packages\sqlalchemy\orm\session.py:4488: in _flush
    with util.safe_reraise():
         ^^^^^^^^^^^^^^^^^^^
.venv\Lib\site-packages\sqlalchemy\util\langhelpers.py:122: in __exit__
    raise exc_value.with_traceback(exc_tb)
.venv\Lib\site-packages\sqlalchemy\orm\session.py:4449: in _flush
    flush_context.execute()
.venv\Lib\site-packages\sqlalchemy\orm\unitofwork.py:465: in execute
    rec.execute(self)
.venv\Lib\site-packages\sqlalchemy\orm\unitofwork.py:641: in execute
    util.preloaded.orm_persistence.save_obj(
.venv\Lib\site-packages\sqlalchemy\orm\persistence.py:94: in save_obj
    _emit_insert_statements(
.venv\Lib\site-packages\sqlalchemy\orm\persistence.py:1234: in _emit_insert_statements
    result = connection.execute(
.venv\Lib\site-packages\sqlalchemy\engine\base.py:1421: in execute
    return meth(
.venv\Lib\site-packages\sqlalchemy\sql\elements.py:526: in _execute_on_connection
    return connection._execute_clauseelement(
.venv\Lib\site-packages\sqlalchemy\engine\base.py:1643: in _execute_clauseelement
    ret = self._execute_context(
.venv\Lib\site-packages\sqlalchemy\engine\base.py:1848: in _execute_context
    return self._exec_single_context(
.venv\Lib\site-packages\sqlalchemy\engine\base.py:1988: in _exec_single_context
    self._handle_dbapi_exception(
.venv\Lib\site-packages\sqlalchemy\engine\base.py:2365: in _handle_dbapi_exception
    raise sqlalchemy_exception.with_traceback(exc_info[2]) from e
.venv\Lib\site-packages\sqlalchemy\engine\base.py:1969: in _exec_single_context
    self.dialect.do_execute(
.venv\Lib\site-packages\sqlalchemy\engine\default.py:952: in do_execute
    cursor.execute(statement, parameters)
.venv\Lib\site-packages\sqlalchemy\dialects\sqlite\aiosqlite.py:183: in execute
    self._adapt_connection._handle_exception(error)
.venv\Lib\site-packages\sqlalchemy\dialects\sqlite\aiosqlite.py:343: in _handle_exception
    raise error
.venv\Lib\site-packages\sqlalchemy\dialects\sqlite\aiosqlite.py:165: in execute
    self.await_(_cursor.execute(operation, parameters))
.venv\Lib\site-packages\sqlalchemy\util\_concurrency_py3k.py:132: in await_only
    return current.parent.switch(awaitable)  # type: ignore[no-any-return,attr-defined] # noqa: E501
           ^^^^^^^^^^^^^^^^^^^^^^^^^^^^^^^^
.venv\Lib\site-packages\sqlalchemy\util\_concurrency_py3k.py:196: in greenlet_spawn
    value = await result
            ^^^^^^^^^^^^
.venv\Lib\site-packages\aiosqlite\cursor.py:40: in execute
    await self._execute(self._cursor.execute, sql, parameters)
.venv\Lib\site-packages\aiosqlite\cursor.py:32: in _execute
    return await self._conn._execute(fn, *args, **kwargs)
           ^^^^^^^^^^^^^^^^^^^^^^^^^^^^^^^^^^^^^^^^^^^^^^
.venv\Lib\site-packages\aiosqlite\core.py:160: in _execute
    return await future
           ^^^^^^^^^^^^
_ _ _ _ _ _ _ _ _ _ _ _ _ _ _ _ _ _ _ _ _ _ _ _ _ _ _ _ _ _ _ _ _ _ _ _ _ _ _ _

tx = <_queue.SimpleQueue object at 0x0000018C7D99A1A0>

    def _connection_worker_thread(tx: _TxQueue):
        """
        Execute function calls on a separate thread.
    
        :meta private:
        """
        while True:
            # Continues running until all queue items are processed,
            # even after connection is closed (so we can finalize all
            # futures)
    
            future, function = tx.get()
    
            try:
                LOG.debug("executing %s", function)
>               result = function()
                         ^^^^^^^^^^
E               sqlalchemy.exc.OperationalError: (sqlite3.OperationalError) no such table: trades
E               [SQL: INSERT INTO trades (coin, buy_exchange, sell_exchange, amount, buy_price, sell_price, buy_fee, sell_fee, withdrawal_fee, gas_fee, slippage, profit, roi, trade_type, status, strategy, note, created_at) VALUES (?, ?, ?, ?, ?, ?, ?, ?, ?, ?, ?, ?, ?, ?, ?, ?, ?, ?)]
E               [parameters: ('BTC', 'Binance', 'Bybit', 0.5, 60000.0, 61000.0, 0.0, 0.0, 0.0, 0.0, 0.0, 500.0, 1.6666666666666667, 'CEX_CEX', 'PENDING', None, None, '2026-07-17 21:05:45.264054')]
E               (Background on this error at: https://sqlalche.me/e/20/e3q8)

.venv\Lib\site-packages\aiosqlite\core.py:63: OperationalError
---------------------------- Captured stdout call -----------------------------
2026-07-18 00:05:45,444 INFO sqlalchemy.engine.Engine BEGIN (implicit)
2026-07-18 00:05:45,446 INFO sqlalchemy.engine.Engine INSERT INTO trades (coin, buy_exchange, sell_exchange, amount, buy_price, sell_price, buy_fee, sell_fee, withdrawal_fee, gas_fee, slippage, profit, roi, trade_type, status, strategy, note, created_at) VALUES (?, ?, ?, ?, ?, ?, ?, ?, ?, ?, ?, ?, ?, ?, ?, ?, ?, ?)
2026-07-18 00:05:45,446 INFO sqlalchemy.engine.Engine [generated in 0.00033s] ('BTC', 'Binance', 'Bybit', 0.5, 60000.0, 61000.0, 0.0, 0.0, 0.0, 0.0, 0.0, 500.0, 1.6666666666666667, 'CEX_CEX', 'PENDING', None, None, '2026-07-17 21:05:45.264054')
2026-07-18 00:05:45,515 INFO sqlalchemy.engine.Engine ROLLBACK
------------------------------ Captured log call ------------------------------
WARNING  asyncio:base_events.py:2055 Executing <Task pending name='anyio.from_thread.BlockingPortal._call_func' coro=<TaskHandle._run_coro() running at C:\Projects\arb_tracker_bot\.venv\Lib\site-packages\anyio\_core\_tasks.py:275> wait_for=<Future pending cb=[Task.task_wakeup()] created at C:\Users\└фьшэшёЄЁрЄюЁ\AppData\Local\Python\pythoncore-3.13-64\Lib\asyncio\base_events.py:459> cb=[TaskGroup._spawn.<locals>.task_done() at C:\Projects\arb_tracker_bot\.venv\Lib\site-packages\anyio\_backends\_asyncio.py:836] created at C:\Projects\arb_tracker_bot\.venv\Lib\site-packages\anyio\_backends\_asyncio.py:899> took 0.201 seconds
INFO     sqlalchemy.engine.Engine:base.py:2712 BEGIN (implicit)
INFO     sqlalchemy.engine.Engine:base.py:1848 INSERT INTO trades (coin, buy_exchange, sell_exchange, amount, buy_price, sell_price, buy_fee, sell_fee, withdrawal_fee, gas_fee, slippage, profit, roi, trade_type, status, strategy, note, created_at) VALUES (?, ?, ?, ?, ?, ?, ?, ?, ?, ?, ?, ?, ?, ?, ?, ?, ?, ?)
INFO     sqlalchemy.engine.Engine:base.py:1848 [generated in 0.00033s] ('BTC', 'Binance', 'Bybit', 0.5, 60000.0, 61000.0, 0.0, 0.0, 0.0, 0.0, 0.0, 500.0, 1.6666666666666667, 'CEX_CEX', 'PENDING', None, None, '2026-07-17 21:05:45.264054')
INFO     sqlalchemy.engine.Engine:base.py:2715 ROLLBACK
============================== warnings summary ===============================
.venv\Lib\site-packages\fastapi\testclient.py:1
  C:\Projects\arb_tracker_bot\.venv\Lib\site-packages\fastapi\testclient.py:1: StarletteDeprecationWarning: Using `httpx` with `starlette.testclient` is deprecated; install `httpx2` instead.
    from starlette.testclient import TestClient as TestClient  # noqa

tests/test_api_trades.py: 11 warnings
  C:\Projects\arb_tracker_bot\.venv\Lib\site-packages\pydantic\_internal\_generate_schema.py:325: PydanticDeprecatedSince20: `json_encoders` is deprecated. See https://docs.pydantic.dev/2.13/concepts/serialization/#custom-serializers for alternatives. Deprecated in Pydantic V2.0 to be removed in V3.0. See Pydantic V2 Migration Guide at https://errors.pydantic.dev/2.13/migration/
    warnings.warn(

-- Docs: https://docs.pytest.org/en/stable/how-to/capture-warnings.html
=========================== short test summary info ===========================
FAILED tests/test_api_trades.py::test_trade_api_crud - sqlalchemy.exc.OperationalError: (sqlite3.OperationalError) no such table: trades
[SQL: INSERT INTO trades (coin, buy_exchange, sell_exchange, amount, buy_price, sell_price, buy_fee, sell_fee, withdrawal_fee, gas_fee, slippage, profit, roi, trade_type, status, strategy, note, created_at) VALUES (?, ?, ?, ?, ?, ?, ?, ?, ?, ?, ?, ?, ?, ?, ?, ?, ?, ?)]
[parameters: ('BTC', 'Binance', 'Bybit', 0.5, 60000.0, 61000.0, 0.0, 0.0, 0.0, 0.0, 0.0, 500.0, 1.6666666666666667, 'CEX_CEX', 'PENDING', None, None, '2026-07-17 21:05:45.264054')]
(Background on this error at: https://sqlalche.me/e/20/e3q8)
======================= 1 failed, 12 warnings in 6.64s ========================

